<?xml version="1.0" encoding="UTF-8"?>
<!-- Generated by org.testng.reporters.JUnitReportReporter -->
<testsuite hostname="desktop-0307" name="com.excilys.computerdb.testconnectionbdd.TestInteractions" tests="1" failures="0" timestamp="19 Feb 2016 16:53:03 GMT" time="0.395" errors="0">
  <testcase name="testConnection" time="0.395" classname="com.excilys.computerdb.testconnectionbdd.TestInteractions"/>
</testsuite> <!-- com.excilys.computerdb.testconnectionbdd.TestInteractions -->
