<?xml version="1.0" encoding="UTF-8" ?>
<testsuite tests="6" failures="1" name="com.excilys.computerdb.testdao.ComputerDAOImplTest" time="0.291" errors="0" skipped="0">
  <properties>
    <property name="java.runtime.name" value="Java(TM) SE Runtime Environment"/>
    <property name="sun.boot.library.path" value="/home/excilys/Documents/Java/JDK/jdk1.8.0_73/jre/lib/i386"/>
    <property name="java.vm.version" value="25.73-b02"/>
    <property name="java.vm.vendor" value="Oracle Corporation"/>
    <property name="maven.multiModuleProjectDirectory" value="/home/excilys/Documents/computerDB/Git/ComputerDB"/>
    <property name="java.vendor.url" value="http://java.oracle.com/"/>
    <property name="path.separator" value=":"/>
    <property name="guice.disable.misplaced.annotation.check" value="true"/>
    <property name="java.vm.name" value="Java HotSpot(TM) Server VM"/>
    <property name="file.encoding.pkg" value="sun.io"/>
    <property name="user.country" value="FR"/>
    <property name="sun.java.launcher" value="SUN_STANDARD"/>
    <property name="sun.os.patch.level" value="unknown"/>
    <property name="java.vm.specification.name" value="Java Virtual Machine Specification"/>
    <property name="user.dir" value="/home/excilys/Documents/computerDB/Git/ComputerDB"/>
    <property name="java.runtime.version" value="1.8.0_73-b02"/>
    <property name="java.awt.graphicsenv" value="sun.awt.X11GraphicsEnvironment"/>
    <property name="java.endorsed.dirs" value="/home/excilys/Documents/Java/JDK/jdk1.8.0_73/jre/lib/endorsed"/>
    <property name="os.arch" value="i386"/>
    <property name="java.io.tmpdir" value="/tmp"/>
    <property name="line.separator" value="
"/>
    <property name="java.vm.specification.vendor" value="Oracle Corporation"/>
    <property name="os.name" value="Linux"/>
    <property name="classworlds.conf" value="/home/excilys/workspace/.metadata/.plugins/org.eclipse.m2e.launching/launches/m2conf5808247584626284993.tmp"/>
    <property name="sun.jnu.encoding" value="UTF-8"/>
    <property name="java.library.path" value="/usr/java/packages/lib/i386:/lib:/usr/lib"/>
    <property name="java.specification.name" value="Java Platform API Specification"/>
    <property name="java.class.version" value="52.0"/>
    <property name="sun.management.compiler" value="HotSpot Tiered Compilers"/>
    <property name="os.version" value="3.13.0-77-generic"/>
    <property name="user.home" value="/home/excilys"/>
    <property name="user.timezone" value="Europe/Paris"/>
    <property name="java.awt.printerjob" value="sun.print.PSPrinterJob"/>
    <property name="file.encoding" value="UTF-8"/>
    <property name="java.specification.version" value="1.8"/>
    <property name="user.name" value="excilys"/>
    <property name="java.class.path" value="/home/excilys/Documents/Eclipse/eclipse/plugins/org.eclipse.m2e.maven.runtime_1.6.2.20150902-0001/jars/plexus-classworlds-2.5.2.jar"/>
    <property name="java.vm.specification.version" value="1.8"/>
    <property name="sun.arch.data.model" value="32"/>
    <property name="java.home" value="/home/excilys/Documents/Java/JDK/jdk1.8.0_73/jre"/>
    <property name="sun.java.command" value="org.codehaus.plexus.classworlds.launcher.Launcher -B test"/>
    <property name="java.specification.vendor" value="Oracle Corporation"/>
    <property name="user.language" value="fr"/>
    <property name="awt.toolkit" value="sun.awt.X11.XToolkit"/>
    <property name="java.vm.info" value="mixed mode"/>
    <property name="java.version" value="1.8.0_73"/>
    <property name="java.ext.dirs" value="/home/excilys/Documents/Java/JDK/jdk1.8.0_73/jre/lib/ext:/usr/java/packages/lib/ext"/>
    <property name="securerandom.source" value="file:/dev/./urandom"/>
    <property name="sun.boot.class.path" value="/home/excilys/Documents/Java/JDK/jdk1.8.0_73/jre/lib/resources.jar:/home/excilys/Documents/Java/JDK/jdk1.8.0_73/jre/lib/rt.jar:/home/excilys/Documents/Java/JDK/jdk1.8.0_73/jre/lib/sunrsasign.jar:/home/excilys/Documents/Java/JDK/jdk1.8.0_73/jre/lib/jsse.jar:/home/excilys/Documents/Java/JDK/jdk1.8.0_73/jre/lib/jce.jar:/home/excilys/Documents/Java/JDK/jdk1.8.0_73/jre/lib/charsets.jar:/home/excilys/Documents/Java/JDK/jdk1.8.0_73/jre/lib/jfr.jar:/home/excilys/Documents/Java/JDK/jdk1.8.0_73/jre/classes"/>
    <property name="java.vendor" value="Oracle Corporation"/>
    <property name="maven.home" value="/home/excilys/Documents/computerDB/Git/ComputerDB/EMBEDDED"/>
    <property name="file.separator" value="/"/>
    <property name="java.vendor.url.bug" value="http://bugreport.sun.com/bugreport/"/>
    <property name="sun.cpu.endian" value="little"/>
    <property name="sun.io.unicode.encoding" value="UnicodeLittle"/>
    <property name="sun.cpu.isalist" value=""/>
  </properties>
  <testcase classname="com.excilys.computerdb.testdao.ComputerDAOImplTest" name="testUpdateComputer" time="0.223"/>
  <testcase classname="com.excilys.computerdb.testdao.ComputerDAOImplTest" name="testCreateComputer" time="0.012"/>
  <testcase classname="com.excilys.computerdb.testdao.ComputerDAOImplTest" name="testDeleteComputer" time="0.017"/>
  <testcase classname="com.excilys.computerdb.testdao.ComputerDAOImplTest" name="testFindComputer" time="0.018">
    <failure message="expected:&lt;Computer with ID 6, named testDelete
Created by Excilys&gt; but was:&lt;Computer with ID 1, named MacBook Pro 15.4 inch
Created by Excilys&gt;" type="java.lang.AssertionError">java.lang.AssertionError: expected:&lt;Computer with ID 6, named testDelete
Created by Excilys&gt; but was:&lt;Computer with ID 1, named MacBook Pro 15.4 inch
Created by Excilys&gt;
	at org.junit.Assert.fail(Assert.java:88)
	at org.junit.Assert.failNotEquals(Assert.java:834)
	at org.junit.Assert.assertEquals(Assert.java:118)
	at org.junit.Assert.assertEquals(Assert.java:144)
	at com.excilys.computerdb.testdao.ComputerDAOImplTest.testFindComputer(ComputerDAOImplTest.java:82)
	at sun.reflect.NativeMethodAccessorImpl.invoke0(Native Method)
	at sun.reflect.NativeMethodAccessorImpl.invoke(NativeMethodAccessorImpl.java:62)
	at sun.reflect.DelegatingMethodAccessorImpl.invoke(DelegatingMethodAccessorImpl.java:43)
	at java.lang.reflect.Method.invoke(Method.java:497)
	at org.junit.runners.model.FrameworkMethod$1.runReflectiveCall(FrameworkMethod.java:50)
	at org.junit.internal.runners.model.ReflectiveCallable.run(ReflectiveCallable.java:12)
	at org.junit.runners.model.FrameworkMethod.invokeExplosively(FrameworkMethod.java:47)
	at org.junit.internal.runners.statements.InvokeMethod.evaluate(InvokeMethod.java:17)
	at org.junit.internal.runners.statements.RunBefores.evaluate(RunBefores.java:26)
	at org.junit.runners.ParentRunner.runLeaf(ParentRunner.java:325)
	at org.junit.runners.BlockJUnit4ClassRunner.runChild(BlockJUnit4ClassRunner.java:78)
	at org.junit.runners.BlockJUnit4ClassRunner.runChild(BlockJUnit4ClassRunner.java:57)
	at org.junit.runners.ParentRunner$3.run(ParentRunner.java:290)
	at org.junit.runners.ParentRunner$1.schedule(ParentRunner.java:71)
	at org.junit.runners.ParentRunner.runChildren(ParentRunner.java:288)
	at org.junit.runners.ParentRunner.access$000(ParentRunner.java:58)
	at org.junit.runners.ParentRunner$2.evaluate(ParentRunner.java:268)
	at org.junit.internal.runners.statements.RunBefores.evaluate(RunBefores.java:26)
	at org.junit.internal.runners.statements.RunAfters.evaluate(RunAfters.java:27)
	at org.junit.runners.ParentRunner.run(ParentRunner.java:363)
	at org.apache.maven.surefire.junit4.JUnit4Provider.execute(JUnit4Provider.java:252)
	at org.apache.maven.surefire.junit4.JUnit4Provider.executeTestSet(JUnit4Provider.java:141)
	at org.apache.maven.surefire.junit4.JUnit4Provider.invoke(JUnit4Provider.java:112)
	at sun.reflect.NativeMethodAccessorImpl.invoke0(Native Method)
	at sun.reflect.NativeMethodAccessorImpl.invoke(NativeMethodAccessorImpl.java:62)
	at sun.reflect.DelegatingMethodAccessorImpl.invoke(DelegatingMethodAccessorImpl.java:43)
	at java.lang.reflect.Method.invoke(Method.java:497)
	at org.apache.maven.surefire.util.ReflectionUtils.invokeMethodWithArray(ReflectionUtils.java:189)
	at org.apache.maven.surefire.booter.ProviderFactory$ProviderProxy.invoke(ProviderFactory.java:165)
	at org.apache.maven.surefire.booter.ProviderFactory.invokeProvider(ProviderFactory.java:85)
	at org.apache.maven.surefire.booter.ForkedBooter.runSuitesInProcess(ForkedBooter.java:115)
	at org.apache.maven.surefire.booter.ForkedBooter.main(ForkedBooter.java:75)
</failure>
    <system-err>[main] WARN org.dbunit.dataset.AbstractTableMetaData - Potential problem found: The configured data type factory &apos;class org.dbunit.dataset.datatype.DefaultDataTypeFactory&apos; might cause problems with the current database &apos;H2&apos; (e.g. some datatypes may not be supported properly). In rare cases you might see this message because the list of supported database products is incomplete (list=[derby]). If so please request a java-class update via the forums.If you are using your own IDataTypeFactory extending DefaultDataTypeFactory, ensure that you override getValidDbProducts() to specify the supported database products.
[main] WARN org.dbunit.dataset.AbstractTableMetaData - Potential problem found: The configured data type factory &apos;class org.dbunit.dataset.datatype.DefaultDataTypeFactory&apos; might cause problems with the current database &apos;H2&apos; (e.g. some datatypes may not be supported properly). In rare cases you might see this message because the list of supported database products is incomplete (list=[derby]). If so please request a java-class update via the forums.If you are using your own IDataTypeFactory extending DefaultDataTypeFactory, ensure that you override getValidDbProducts() to specify the supported database products.
</system-err>
  </testcase>
  <testcase classname="com.excilys.computerdb.testdao.ComputerDAOImplTest" name="testFindCompany" time="0.01"/>
  <testcase classname="com.excilys.computerdb.testdao.ComputerDAOImplTest" name="testAllCompany" time="0.011"/>
</testsuite>